#
# There is insufficient memory for the Java Runtime Environment to continue.
# Native memory allocation (mmap) failed to map 532676608 bytes for G1 virtual space
# Possible reasons:
#   The system is out of physical RAM or swap space
#   The process is running with CompressedOops enabled, and the Java Heap may be blocking the growth of the native heap
# Possible solutions:
#   Reduce memory load on the system
#   Increase physical memory or swap space
#   Check if swap backing store is full
#   Decrease Java heap size (-Xmx/-Xms)
#   Decrease number of Java threads
#   Decrease Java thread stack sizes (-Xss)
#   Set larger code cache with -XX:ReservedCodeCacheSize=
#   JVM is running with Zero Based Compressed Oops mode in which the Java heap is
#     placed in the first 32GB address space. The Java Heap base address is the
#     maximum limit for the native heap growth. Please use -XX:HeapBaseMinAddress
#     to set the Java Heap base and to place the Java Heap above 32GB virtual address.
# This output file may be truncated or incomplete.
#
#  Out of Memory Error (os_windows.cpp:3528), pid=19052, tid=12252
#
# JRE version:  (20.0+36) (build )
# Java VM: Java HotSpot(TM) 64-Bit Server VM (20+36-2344, mixed mode, sharing, tiered, compressed oops, compressed class ptrs, g1 gc, windows-amd64)
# No core dump will be written. Minidumps are not enabled by default on client versions of Windows
#

---------------  S U M M A R Y ------------

Command Line: -Dfile.encoding=UTF-8 --module-path=C:\Users\Alumno\Documents\yuriko\para no desordenar\DSistema_Ventas\build\classes Presentacion.frmLogin

Host: 12th Gen Intel(R) Core(TM) i7-12700, 20 cores, 31G,  Windows 10 , 64 bit Build 19041 (10.0.19041.1889)
Time: Thu May  9 10:27:43 2024 Hora est. Pacífico, Sudamérica elapsed time: 0.029086 seconds (0d 0h 0m 0s)

---------------  T H R E A D  ---------------

Current thread (0x00000177ac047890):  JavaThread "Unknown thread" [_thread_in_vm, id=12252, stack(0x0000001d77300000,0x0000001d77400000)]

Stack: [0x0000001d77300000,0x0000001d77400000]
Native frames: (J=compiled Java code, j=interpreted, Vv=VM code, C=native code)
V  [jvm.dll+0x6bb95a]
V  [jvm.dll+0x8483aa]
V  [jvm.dll+0x849fa5]
V  [jvm.dll+0x84a6a3]
V  [jvm.dll+0x280b0f]
V  [jvm.dll+0x6b86e9]
V  [jvm.dll+0x6ad2da]
V  [jvm.dll+0x35adf5]
V  [jvm.dll+0x363016]
V  [jvm.dll+0x3b3b3e]
V  [jvm.dll+0x3b3dc5]
V  [jvm.dll+0x32b50a]
V  [jvm.dll+0x32c32b]
V  [jvm.dll+0x81106f]
V  [jvm.dll+0x3c0d91]
V  [jvm.dll+0x7fcd93]
V  [jvm.dll+0x44c76f]
V  [jvm.dll+0x44e0e1]
C  [jli.dll+0x5287]
C  [ucrtbase.dll+0x21bb2]
C  [KERNEL32.DLL+0x17034]
C  [ntdll.dll+0x52651]


---------------  P R O C E S S  ---------------

Threads class SMR info:
_java_thread_list=0x00007ffcecd1a098, length=0, elements={
}

Java Threads: ( => current thread )

Other Threads:
  0x00000177b4106c50 WorkerThread "GC Thread#0" [stack: 0x0000001d77400000,0x0000001d77500000] [id=12376]
  0x00000177b4118a50 ConcurrentGCThread "G1 Main Marker" [stack: 0x0000001d77500000,0x0000001d77600000] [id=19532]
  0x00000177b4119390 WorkerThread "G1 Conc#0" [stack: 0x0000001d77600000,0x0000001d77700000] [id=22916]

[error occurred during error reporting (printing all threads), id 0xc0000005, EXCEPTION_ACCESS_VIOLATION (0xc0000005) at pc=0x00007ffcec4feb47]
VM state: not at safepoint (not fully initialized)

VM Mutex/Monitor currently owned by a thread:  ([mutex/lock_event])
[0x00000177ac042b20] Heap_lock - owner thread: 0x00000177ac047890

Heap address: 0x0000000604c00000, size: 8116 MB, Compressed Oops mode: Zero based, Oop shift amount: 3

CDS archive(s) mapped at: [0x0000000000000000-0x0000000000000000-0x0000000000000000), size 0, SharedBaseAddress: 0x0000000800000000, ArchiveRelocationMode: 0.
Narrow klass base: 0x0000000000000000, Narrow klass shift: 0, Narrow klass range: 0x0

GC Precious Log:
 CardTable entry size: 512
 Card Set container configuration: InlinePtr #cards 4 size 8 Array Of Cards #cards 32 size 80 Howl #buckets 8 coarsen threshold 7372 Howl Bitmap #cards 1024 size 144 coarsen threshold 921 Card regions per heap region 1 cards per card region 8192

Heap:
 garbage-first heap   total 0K, used 0K [0x0000000604c00000, 0x0000000800000000)
  region size 4096K, 0 young (0K), 0 survivors (0K)

[error occurred during error reporting (printing heap information), id 0xc0000005, EXCEPTION_ACCESS_VIOLATION (0xc0000005) at pc=0x00007ffcec8d3c59]
GC Heap History (0 events):
No events

Dll operation events (1 events):
Event: 0.017 Loaded shared library C:\Program Files\Java\jdk-20\bin\java.dll

Deoptimization events (0 events):
No events

Classes loaded (0 events):
No events

Classes unloaded (0 events):
No events

Classes redefined (0 events):
No events

Internal exceptions (0 events):
No events

VM Operations (0 events):
No events

Events (0 events):
No events


Dynamic libraries:
0x00007ff7b2390000 - 0x00007ff7b23a0000 	C:\Program Files\Java\jdk-20\bin\java.exe
0x00007ffdb94d0000 - 0x00007ffdb96c8000 	C:\Windows\SYSTEM32\ntdll.dll
0x00007ffdb9360000 - 0x00007ffdb941d000 	C:\Windows\System32\KERNEL32.DLL
0x00007ffdb6ea0000 - 0x00007ffdb716e000 	C:\Windows\System32\KERNELBASE.dll
0x00007ffdb6da0000 - 0x00007ffdb6ea0000 	C:\Windows\System32\ucrtbase.dll
0x00007ffda9d90000 - 0x00007ffda9dab000 	C:\Program Files\Java\jdk-20\bin\VCRUNTIME140.dll
0x00007ffdaa480000 - 0x00007ffdaa499000 	C:\Program Files\Java\jdk-20\bin\jli.dll
0x00007ffdb7be0000 - 0x00007ffdb7c8e000 	C:\Windows\System32\ADVAPI32.dll
0x00007ffdb7b30000 - 0x00007ffdb7bce000 	C:\Windows\System32\msvcrt.dll
0x00007ffdb7750000 - 0x00007ffdb77ec000 	C:\Windows\System32\sechost.dll
0x00007ffdb8610000 - 0x00007ffdb8735000 	C:\Windows\System32\RPCRT4.dll
0x00007ffdb8380000 - 0x00007ffdb8520000 	C:\Windows\System32\USER32.dll
0x00007ffdb6d70000 - 0x00007ffdb6d92000 	C:\Windows\System32\win32u.dll
0x00007ffd817f0000 - 0x00007ffd81a8a000 	C:\Windows\WinSxS\amd64_microsoft.windows.common-controls_6595b64144ccf1df_6.0.19041.1110_none_60b5254171f9507e\COMCTL32.dll
0x00007ffdb78c0000 - 0x00007ffdb78ea000 	C:\Windows\System32\GDI32.dll
0x00007ffdb72c0000 - 0x00007ffdb73cb000 	C:\Windows\System32\gdi32full.dll
0x00007ffdb6cd0000 - 0x00007ffdb6d6d000 	C:\Windows\System32\msvcp_win.dll
0x00007ffdb6010000 - 0x00007ffdb601a000 	C:\Windows\SYSTEM32\VERSION.dll
0x00007ffdb8580000 - 0x00007ffdb85b0000 	C:\Windows\System32\IMM32.DLL
0x00007ffdb67f0000 - 0x00007ffdb6862000 	C:\Windows\system32\guard64.dll
0x00007ffdb65d0000 - 0x00007ffdb67bc000 	C:\Windows\SYSTEM32\urlmon.dll
0x00007ffdb65a0000 - 0x00007ffdb65c8000 	C:\Windows\SYSTEM32\srvcli.dll
0x00007ffdb6590000 - 0x00007ffdb659c000 	C:\Windows\SYSTEM32\netutils.dll
0x00007ffdb62d0000 - 0x00007ffdb6581000 	C:\Windows\SYSTEM32\iertutil.dll
0x00007ffdb8000000 - 0x00007ffdb8354000 	C:\Windows\System32\combase.dll
0x00007ffdb7a80000 - 0x00007ffdb7b2d000 	C:\Windows\System32\shcore.dll
0x00007ffdb7e40000 - 0x00007ffdb7f6a000 	C:\Windows\System32\ole32.dll
0x00007ffdb6870000 - 0x00007ffdb687b000 	C:\Windows\system32\fltlib.dll
0x00007ffdb8740000 - 0x00007ffdb8e84000 	C:\Windows\System32\shell32.dll
0x00007ffdb6900000 - 0x00007ffdb69a4000 	C:\Windows\SYSTEM32\edrpm64.dll
0x00007ffdb67c0000 - 0x00007ffdb67e7000 	C:\Windows\SYSTEM32\winmm.dll
0x00007ffdb6ae0000 - 0x00007ffdb6b12000 	C:\Windows\SYSTEM32\sspicli.dll
0x00007ffdb1bc0000 - 0x00007ffdb1bcc000 	C:\Program Files\Java\jdk-20\bin\vcruntime140_1.dll
0x00007ffd54500000 - 0x00007ffd5458e000 	C:\Program Files\Java\jdk-20\bin\msvcp140.dll
0x00007ffcec1c0000 - 0x00007ffcece57000 	C:\Program Files\Java\jdk-20\bin\server\jvm.dll
0x00007ffd9f4f0000 - 0x00007ffd9f4f9000 	C:\Windows\SYSTEM32\WSOCK32.dll
0x00007ffdb9420000 - 0x00007ffdb948b000 	C:\Windows\System32\WS2_32.dll
0x00007ffdb5270000 - 0x00007ffdb5282000 	C:\Windows\SYSTEM32\kernel.appcore.dll
0x00007ffda9d10000 - 0x00007ffda9d1a000 	C:\Program Files\Java\jdk-20\bin\jimage.dll
0x00007ffdb4b10000 - 0x00007ffdb4cf4000 	C:\Windows\SYSTEM32\DBGHELP.DLL
0x00007ffd9ffb0000 - 0x00007ffd9ffdc000 	C:\Windows\SYSTEM32\dbgcore.DLL
0x00007ffdb6bf0000 - 0x00007ffdb6c72000 	C:\Windows\System32\bcryptPrimitives.dll
0x00007ffda9d20000 - 0x00007ffda9d46000 	C:\Program Files\Java\jdk-20\bin\java.dll

dbghelp: loaded successfully - version: 4.0.5 - missing functions: none
symbol engine: initialized successfully - sym options: 0x614 - pdb path: .;C:\Program Files\Java\jdk-20\bin;C:\Windows\SYSTEM32;C:\Windows\WinSxS\amd64_microsoft.windows.common-controls_6595b64144ccf1df_6.0.19041.1110_none_60b5254171f9507e;C:\Program Files\Java\jdk-20\bin\server

VM Arguments:
jvm_args: -Dfile.encoding=UTF-8 --module-path=C:\Users\Alumno\Documents\yuriko\para no desordenar\DSistema_Ventas\build\classes 
java_command: Presentacion.frmLogin
java_class_path (initial): C:\Program Files\NetBeans-17\netbeans\java\modules\ext\AbsoluteLayout.jar;C:\Users\Alumno\Downloads\ojdbc11.jar;C:\Users\Alumno\Documents\yuriko\para no desordenar\DSistema_Ventas\build\classes
Launcher Type: SUN_STANDARD

[Global flags]
     intx CICompilerCount                          = 12                                        {product} {ergonomic}
     uint ConcGCThreads                            = 4                                         {product} {ergonomic}
     uint G1ConcRefinementThreads                  = 15                                        {product} {ergonomic}
   size_t G1HeapRegionSize                         = 4194304                                   {product} {ergonomic}
    uintx GCDrainStackTargetSize                   = 64                                        {product} {ergonomic}
   size_t InitialHeapSize                          = 532676608                                 {product} {ergonomic}
   size_t MarkStackSize                            = 4194304                                   {product} {ergonomic}
   size_t MaxHeapSize                              = 8510242816                                {product} {ergonomic}
   size_t MinHeapDeltaBytes                        = 4194304                                   {product} {ergonomic}
   size_t MinHeapSize                              = 8388608                                   {product} {ergonomic}
    uintx NonNMethodCodeHeapSize                   = 7602480                                {pd product} {ergonomic}
    uintx NonProfiledCodeHeapSize                  = 122027880                              {pd product} {ergonomic}
    uintx ProfiledCodeHeapSize                     = 122027880                              {pd product} {ergonomic}
    uintx ReservedCodeCacheSize                    = 251658240                              {pd product} {ergonomic}
     bool SegmentedCodeCache                       = true                                      {product} {ergonomic}
   size_t SoftMaxHeapSize                          = 8510242816                             {manageable} {ergonomic}
     bool UseCompressedClassPointers               = true                           {product lp64_product} {ergonomic}
     bool UseCompressedOops                        = true                           {product lp64_product} {ergonomic}
     bool UseG1GC                                  = true                                      {product} {ergonomic}
     bool UseLargePagesIndividualAllocation        = false                                  {pd product} {ergonomic}

Logging:
Log output configuration:
 #0: stdout all=warning uptime,level,tags foldmultilines=false
 #1: stderr all=off uptime,level,tags foldmultilines=false

Environment Variables:
PATH=C:\app\Soporte\product\21c\dbhomeXE\bin;C:\Program Files\Microsoft\jdk-11.0.16.101-hotspot\bin;C:\Program Files\Common Files\Oracle\Java\javapath;C:\Windows\system32;C:\Windows;C:\Windows\System32\Wbem;C:\Windows\System32\WindowsPowerShell\v1.0\;C:\Windows\System32\OpenSSH\;C:\Program Files\dotnet\;C:\Program Files\Microsoft SQL Server\Client SDK\ODBC\170\Tools\Binn\;C:\Program Files (x86)\Microsoft SQL Server\150\Tools\Binn\;C:\Program Files\Microsoft SQL Server\150\Tools\Binn\;C:\Program Files\Microsoft SQL Server\150\DTS\Binn\;C:\Program Files (x86)\Microsoft SQL Server\150\DTS\Binn\;C:\Program Files\Azure Data Studio\bin;C:\Users\Alumno\AppData\Local\Programs\Python\Python312\Scripts\;C:\Users\Alumno\AppData\Local\Programs\Python\Python312\;C:\Users\Alumno\AppData\Local\Programs\Python\Python311\Scripts\;C:\Users\Alumno\AppData\Local\Programs\Python\Python311\;C:\Users\Alumno\AppData\Local\Microsoft\WindowsApps;C:\Users\Alumno\AppData\Local\Programs\Microsoft VS Code\bin;C:\Users\Alumno\AppData\Local\GitHubDesktop\bin;C:\1A\Git\cmd;C:\Users\Alumno\.dotnet\tools
USERNAME=Alumno
OS=Windows_NT
PROCESSOR_IDENTIFIER=Intel64 Family 6 Model 151 Stepping 2, GenuineIntel
TMP=C:\Users\Alumno\AppData\Local\Temp
TEMP=C:\Users\Alumno\AppData\Local\Temp




---------------  S Y S T E M  ---------------

OS:
 Windows 10 , 64 bit Build 19041 (10.0.19041.1889)
OS uptime: 2 days 2:45 hours

CPU: total 20 (initial active 20) (10 cores per cpu, 2 threads per core) family 6 model 151 stepping 2 microcode 0x1e, cx8, cmov, fxsr, ht, mmx, 3dnowpref, sse, sse2, sse3, ssse3, sse4.1, sse4.2, popcnt, lzcnt, tsc, tscinvbit, avx, avx2, aes, erms, clmul, bmi1, bmi2, adx, sha, fma, vzeroupper, clflush, clflushopt, clwb, serialize, rdtscp, rdpid, fsrm, f16c, pku, cet_ibt, cet_ss

Memory: 4k page, system-wide physical 32456M (111M free)
TotalPageFile size 130760M (AvailPageFile size 418M)
current process WorkingSet (physical memory assigned to process): 14M, peak: 14M
current process commit charge ("private bytes"): 77M, peak: 585M

vm_info: Java HotSpot(TM) 64-Bit Server VM (20+36-2344) for windows-amd64 JRE (20+36-2344), built on 2023-02-10T19:30:15Z by "mach5one" with MS VC++ 17.1 (VS2022)

END.
