#
# There is insufficient memory for the Java Runtime Environment to continue.
# Native memory allocation (malloc) failed to allocate 32744 bytes for Chunk::new
# Possible reasons:
#   The system is out of physical RAM or swap space
#   The process is running with CompressedOops enabled, and the Java Heap may be blocking the growth of the native heap
# Possible solutions:
#   Reduce memory load on the system
#   Increase physical memory or swap space
#   Check if swap backing store is full
#   Decrease Java heap size (-Xmx/-Xms)
#   Decrease number of Java threads
#   Decrease Java thread stack sizes (-Xss)
#   Set larger code cache with -XX:ReservedCodeCacheSize=
#   JVM is running with Zero Based Compressed Oops mode in which the Java heap is
#     placed in the first 32GB address space. The Java Heap base address is the
#     maximum limit for the native heap growth. Please use -XX:HeapBaseMinAddress
#     to set the Java Heap base and to place the Java Heap above 32GB virtual address.
# This output file may be truncated or incomplete.
#
#  Out of Memory Error (arena.cpp:184), pid=12624, tid=7036
#
# JRE version: Java(TM) SE Runtime Environment (20.0+36) (build 20+36-2344)
# Java VM: Java HotSpot(TM) 64-Bit Server VM (20+36-2344, mixed mode, sharing, tiered, compressed oops, compressed class ptrs, g1 gc, windows-amd64)
# No core dump will be written. Minidumps are not enabled by default on client versions of Windows
#

---------------  S U M M A R Y ------------

Command Line: -Dfile.encoding=UTF-8 --module-path=C:\Users\Alumno\Documents\yuriko\para no desordenar\DSistema_Ventas\build\classes Presentacion.frmLogin

Host: 12th Gen Intel(R) Core(TM) i7-12700, 20 cores, 31G,  Windows 10 , 64 bit Build 19041 (10.0.19041.1889)
Time: Thu May  9 09:37:47 2024 Hora est. Pacífico, Sudamérica elapsed time: 15.308843 seconds (0d 0h 0m 15s)

---------------  T H R E A D  ---------------

Current thread (0x0000022035263eb0):  JavaThread "C1 CompilerThread0" daemon [_thread_in_native, id=7036, stack(0x000000661f800000,0x000000661f900000)]


Current CompileTask:
C1:  15308 1525       3       javax.swing.plaf.nimbus.NimbusStyle::get (241 bytes)

Stack: [0x000000661f800000,0x000000661f900000]
Native frames: (J=compiled Java code, j=interpreted, Vv=VM code, C=native code)
V  [jvm.dll+0x6bb95a]
V  [jvm.dll+0x8483aa]
V  [jvm.dll+0x849fa5]
V  [jvm.dll+0x84a6a3]
V  [jvm.dll+0x280b0f]
V  [jvm.dll+0xc2b11]
V  [jvm.dll+0xc2e35]
V  [jvm.dll+0x15a8db]
V  [jvm.dll+0x185627]
V  [jvm.dll+0x181d4e]
V  [jvm.dll+0x170010]
V  [jvm.dll+0x1587d7]
V  [jvm.dll+0x158152]
V  [jvm.dll+0x158384]
V  [jvm.dll+0x1577c6]
V  [jvm.dll+0x1594fd]
V  [jvm.dll+0x259e1b]
V  [jvm.dll+0x2584f0]
V  [jvm.dll+0x3f2895]
V  [jvm.dll+0x7f4906]
V  [jvm.dll+0x6ba5cb]
C  [ucrtbase.dll+0x21bb2]
C  [KERNEL32.DLL+0x17034]
C  [ntdll.dll+0x52651]


---------------  P R O C E S S  ---------------

Threads class SMR info:
_java_thread_list=0x0000022039e2a520, length=16, elements={
0x0000022016ffe520, 0x000002203524d360, 0x00000220352513c0, 0x0000022035253d10,
0x0000022035254650, 0x0000022035254f90, 0x0000022035261520, 0x0000022035263eb0,
0x0000022035332c40, 0x0000022035421400, 0x00000220354ccf60, 0x00000220354cd4b0,
0x00000220354cda00, 0x0000022039936330, 0x000002200edb7380, 0x0000022039f39660
}

Java Threads: ( => current thread )
  0x0000022016ffe520 JavaThread "Reference Handler" daemon [_thread_blocked, id=12280, stack(0x000000661f100000,0x000000661f200000)]
  0x000002203524d360 JavaThread "Finalizer" daemon [_thread_blocked, id=6696, stack(0x000000661f200000,0x000000661f300000)]
  0x00000220352513c0 JavaThread "Signal Dispatcher" daemon [_thread_blocked, id=20516, stack(0x000000661f300000,0x000000661f400000)]
  0x0000022035253d10 JavaThread "Attach Listener" daemon [_thread_blocked, id=22980, stack(0x000000661f400000,0x000000661f500000)]
  0x0000022035254650 JavaThread "Service Thread" daemon [_thread_blocked, id=16376, stack(0x000000661f500000,0x000000661f600000)]
  0x0000022035254f90 JavaThread "Monitor Deflation Thread" daemon [_thread_blocked, id=10864, stack(0x000000661f600000,0x000000661f700000)]
  0x0000022035261520 JavaThread "C2 CompilerThread0" daemon [_thread_in_native, id=19136, stack(0x000000661f700000,0x000000661f800000)]
=>0x0000022035263eb0 JavaThread "C1 CompilerThread0" daemon [_thread_in_native, id=7036, stack(0x000000661f800000,0x000000661f900000)]
  0x0000022035332c40 JavaThread "Common-Cleaner" daemon [_thread_blocked, id=21884, stack(0x000000661f900000,0x000000661fa00000)]
  0x0000022035421400 JavaThread "Notification Thread" daemon [_thread_blocked, id=22104, stack(0x000000661fa00000,0x000000661fb00000)]
  0x00000220354ccf60 JavaThread "Java2D Disposer" daemon [_thread_blocked, id=2696, stack(0x000000661fc00000,0x000000661fd00000)]
  0x00000220354cd4b0 JavaThread "AWT-Shutdown" [_thread_blocked, id=22644, stack(0x000000661fd00000,0x000000661fe00000)]
  0x00000220354cda00 JavaThread "AWT-Windows" daemon [_thread_in_native, id=12808, stack(0x000000661fe00000,0x000000661ff00000)]
  0x0000022039936330 JavaThread "AWT-EventQueue-0" [_thread_blocked, id=15892, stack(0x000000661ff00000,0x0000006620000000)]
  0x000002200edb7380 JavaThread "DestroyJavaVM" [_thread_blocked, id=21148, stack(0x000000661ea00000,0x000000661eb00000)]
  0x0000022039f39660 JavaThread "TimerQueue" daemon [_thread_blocked, id=15896, stack(0x0000006620400000,0x0000006620500000)]

Other Threads:
  0x0000022016fddcc0 VMThread "VM Thread" [stack: 0x000000661f000000,0x000000661f100000] [id=3656]
  0x0000022035421d60 WatcherThread "VM Periodic Task Thread" [stack: 0x000000661fb00000,0x000000661fc00000] [id=23320]
  0x0000022016e9ac60 WorkerThread "GC Thread#0" [stack: 0x000000661eb00000,0x000000661ec00000] [id=19668]
  0x0000022016eab900 ConcurrentGCThread "G1 Main Marker" [stack: 0x000000661ec00000,0x000000661ed00000] [id=5820]
  0x0000022016eac570 WorkerThread "G1 Conc#0" [stack: 0x000000661ed00000,0x000000661ee00000] [id=23304]
  0x0000022016f78000 ConcurrentGCThread "G1 Refine#0" [stack: 0x000000661ee00000,0x000000661ef00000] [id=7056]
  0x0000022016f78aa0 ConcurrentGCThread "G1 Service" [stack: 0x000000661ef00000,0x000000661f000000] [id=1808]

Threads with active compile tasks:
C2 CompilerThread0    15359 1524 %     4       javax.swing.plaf.nimbus.InnerShadowEffect::applyEffect @ 355 (604 bytes)
C1 CompilerThread0    15359 1525       3       javax.swing.plaf.nimbus.NimbusStyle::get (241 bytes)

VM state: not at safepoint (normal execution)

VM Mutex/Monitor currently owned by a thread: None

Heap address: 0x0000000604c00000, size: 8116 MB, Compressed Oops mode: Zero based, Oop shift amount: 3

CDS archive(s) mapped at: [0x0000000800000000-0x0000000800c60000-0x0000000800c60000), size 12976128, SharedBaseAddress: 0x0000000800000000, ArchiveRelocationMode: 0.
Compressed class space mapped at: 0x0000000801000000-0x0000000841000000, reserved size: 1073741824
Narrow klass base: 0x0000000800000000, Narrow klass shift: 0, Narrow klass range: 0x100000000

GC Precious Log:
 CardTable entry size: 512
 Card Set container configuration: InlinePtr #cards 4 size 8 Array Of Cards #cards 32 size 80 Howl #buckets 8 coarsen threshold 7372 Howl Bitmap #cards 1024 size 144 coarsen threshold 921 Card regions per heap region 1 cards per card region 8192
 CPUs: 20 total, 20 available
 Memory: 32456M
 Large Page Support: Disabled
 NUMA Support: Disabled
 Compressed Oops: Enabled (Zero based)
 Heap Region Size: 4M
 Heap Min Capacity: 8M
 Heap Initial Capacity: 508M
 Heap Max Capacity: 8116M
 Pre-touch: Disabled
 Parallel Workers: 15
 Concurrent Workers: 4
 Concurrent Refinement Workers: 15
 Periodic GC: Disabled

Heap:
 garbage-first heap   total 520192K, used 12288K [0x0000000604c00000, 0x0000000800000000)
  region size 4096K, 5 young (20480K), 0 survivors (0K)
 Metaspace       used 10625K, committed 10880K, reserved 1114112K
  class space    used 1190K, committed 1280K, reserved 1048576K

Heap Regions: E=young(eden), S=young(survivor), O=old, HS=humongous(starts), HC=humongous(continues), CS=collection set, F=free, OA=open archive, CA=closed archive, TAMS=top-at-mark-start, PB=parsable bottom
|   0|0x0000000604c00000, 0x0000000604c00000, 0x0000000605000000|  0%| F|  |TAMS 0x0000000604c00000| PB 0x0000000604c00000| Untracked 
|   1|0x0000000605000000, 0x0000000605000000, 0x0000000605400000|  0%| F|  |TAMS 0x0000000605000000| PB 0x0000000605000000| Untracked 
|   2|0x0000000605400000, 0x0000000605400000, 0x0000000605800000|  0%| F|  |TAMS 0x0000000605400000| PB 0x0000000605400000| Untracked 
|   3|0x0000000605800000, 0x0000000605800000, 0x0000000605c00000|  0%| F|  |TAMS 0x0000000605800000| PB 0x0000000605800000| Untracked 
|   4|0x0000000605c00000, 0x0000000605c00000, 0x0000000606000000|  0%| F|  |TAMS 0x0000000605c00000| PB 0x0000000605c00000| Untracked 
|   5|0x0000000606000000, 0x0000000606000000, 0x0000000606400000|  0%| F|  |TAMS 0x0000000606000000| PB 0x0000000606000000| Untracked 
|   6|0x0000000606400000, 0x0000000606400000, 0x0000000606800000|  0%| F|  |TAMS 0x0000000606400000| PB 0x0000000606400000| Untracked 
|   7|0x0000000606800000, 0x0000000606800000, 0x0000000606c00000|  0%| F|  |TAMS 0x0000000606800000| PB 0x0000000606800000| Untracked 
|   8|0x0000000606c00000, 0x0000000606c00000, 0x0000000607000000|  0%| F|  |TAMS 0x0000000606c00000| PB 0x0000000606c00000| Untracked 
|   9|0x0000000607000000, 0x0000000607000000, 0x0000000607400000|  0%| F|  |TAMS 0x0000000607000000| PB 0x0000000607000000| Untracked 
|  10|0x0000000607400000, 0x0000000607400000, 0x0000000607800000|  0%| F|  |TAMS 0x0000000607400000| PB 0x0000000607400000| Untracked 
|  11|0x0000000607800000, 0x0000000607800000, 0x0000000607c00000|  0%| F|  |TAMS 0x0000000607800000| PB 0x0000000607800000| Untracked 
|  12|0x0000000607c00000, 0x0000000607c00000, 0x0000000608000000|  0%| F|  |TAMS 0x0000000607c00000| PB 0x0000000607c00000| Untracked 
|  13|0x0000000608000000, 0x0000000608000000, 0x0000000608400000|  0%| F|  |TAMS 0x0000000608000000| PB 0x0000000608000000| Untracked 
|  14|0x0000000608400000, 0x0000000608400000, 0x0000000608800000|  0%| F|  |TAMS 0x0000000608400000| PB 0x0000000608400000| Untracked 
|  15|0x0000000608800000, 0x0000000608800000, 0x0000000608c00000|  0%| F|  |TAMS 0x0000000608800000| PB 0x0000000608800000| Untracked 
|  16|0x0000000608c00000, 0x0000000608c00000, 0x0000000609000000|  0%| F|  |TAMS 0x0000000608c00000| PB 0x0000000608c00000| Untracked 
|  17|0x0000000609000000, 0x0000000609000000, 0x0000000609400000|  0%| F|  |TAMS 0x0000000609000000| PB 0x0000000609000000| Untracked 
|  18|0x0000000609400000, 0x0000000609400000, 0x0000000609800000|  0%| F|  |TAMS 0x0000000609400000| PB 0x0000000609400000| Untracked 
|  19|0x0000000609800000, 0x0000000609800000, 0x0000000609c00000|  0%| F|  |TAMS 0x0000000609800000| PB 0x0000000609800000| Untracked 
|  20|0x0000000609c00000, 0x0000000609c00000, 0x000000060a000000|  0%| F|  |TAMS 0x0000000609c00000| PB 0x0000000609c00000| Untracked 
|  21|0x000000060a000000, 0x000000060a000000, 0x000000060a400000|  0%| F|  |TAMS 0x000000060a000000| PB 0x000000060a000000| Untracked 
|  22|0x000000060a400000, 0x000000060a400000, 0x000000060a800000|  0%| F|  |TAMS 0x000000060a400000| PB 0x000000060a400000| Untracked 
|  23|0x000000060a800000, 0x000000060a800000, 0x000000060ac00000|  0%| F|  |TAMS 0x000000060a800000| PB 0x000000060a800000| Untracked 
|  24|0x000000060ac00000, 0x000000060ac00000, 0x000000060b000000|  0%| F|  |TAMS 0x000000060ac00000| PB 0x000000060ac00000| Untracked 
|  25|0x000000060b000000, 0x000000060b000000, 0x000000060b400000|  0%| F|  |TAMS 0x000000060b000000| PB 0x000000060b000000| Untracked 
|  26|0x000000060b400000, 0x000000060b400000, 0x000000060b800000|  0%| F|  |TAMS 0x000000060b400000| PB 0x000000060b400000| Untracked 
|  27|0x000000060b800000, 0x000000060b800000, 0x000000060bc00000|  0%| F|  |TAMS 0x000000060b800000| PB 0x000000060b800000| Untracked 
|  28|0x000000060bc00000, 0x000000060bc00000, 0x000000060c000000|  0%| F|  |TAMS 0x000000060bc00000| PB 0x000000060bc00000| Untracked 
|  29|0x000000060c000000, 0x000000060c000000, 0x000000060c400000|  0%| F|  |TAMS 0x000000060c000000| PB 0x000000060c000000| Untracked 
|  30|0x000000060c400000, 0x000000060c400000, 0x000000060c800000|  0%| F|  |TAMS 0x000000060c400000| PB 0x000000060c400000| Untracked 
|  31|0x000000060c800000, 0x000000060c800000, 0x000000060cc00000|  0%| F|  |TAMS 0x000000060c800000| PB 0x000000060c800000| Untracked 
|  32|0x000000060cc00000, 0x000000060cc00000, 0x000000060d000000|  0%| F|  |TAMS 0x000000060cc00000| PB 0x000000060cc00000| Untracked 
|  33|0x000000060d000000, 0x000000060d000000, 0x000000060d400000|  0%| F|  |TAMS 0x000000060d000000| PB 0x000000060d000000| Untracked 
|  34|0x000000060d400000, 0x000000060d400000, 0x000000060d800000|  0%| F|  |TAMS 0x000000060d400000| PB 0x000000060d400000| Untracked 
|  35|0x000000060d800000, 0x000000060d800000, 0x000000060dc00000|  0%| F|  |TAMS 0x000000060d800000| PB 0x000000060d800000| Untracked 
|  36|0x000000060dc00000, 0x000000060dc00000, 0x000000060e000000|  0%| F|  |TAMS 0x000000060dc00000| PB 0x000000060dc00000| Untracked 
|  37|0x000000060e000000, 0x000000060e000000, 0x000000060e400000|  0%| F|  |TAMS 0x000000060e000000| PB 0x000000060e000000| Untracked 
|  38|0x000000060e400000, 0x000000060e400000, 0x000000060e800000|  0%| F|  |TAMS 0x000000060e400000| PB 0x000000060e400000| Untracked 
|  39|0x000000060e800000, 0x000000060e800000, 0x000000060ec00000|  0%| F|  |TAMS 0x000000060e800000| PB 0x000000060e800000| Untracked 
|  40|0x000000060ec00000, 0x000000060ec00000, 0x000000060f000000|  0%| F|  |TAMS 0x000000060ec00000| PB 0x000000060ec00000| Untracked 
|  41|0x000000060f000000, 0x000000060f000000, 0x000000060f400000|  0%| F|  |TAMS 0x000000060f000000| PB 0x000000060f000000| Untracked 
|  42|0x000000060f400000, 0x000000060f400000, 0x000000060f800000|  0%| F|  |TAMS 0x000000060f400000| PB 0x000000060f400000| Untracked 
|  43|0x000000060f800000, 0x000000060f800000, 0x000000060fc00000|  0%| F|  |TAMS 0x000000060f800000| PB 0x000000060f800000| Untracked 
|  44|0x000000060fc00000, 0x000000060fc00000, 0x0000000610000000|  0%| F|  |TAMS 0x000000060fc00000| PB 0x000000060fc00000| Untracked 
|  45|0x0000000610000000, 0x0000000610000000, 0x0000000610400000|  0%| F|  |TAMS 0x0000000610000000| PB 0x0000000610000000| Untracked 
|  46|0x0000000610400000, 0x0000000610400000, 0x0000000610800000|  0%| F|  |TAMS 0x0000000610400000| PB 0x0000000610400000| Untracked 
|  47|0x0000000610800000, 0x0000000610800000, 0x0000000610c00000|  0%| F|  |TAMS 0x0000000610800000| PB 0x0000000610800000| Untracked 
|  48|0x0000000610c00000, 0x0000000610c00000, 0x0000000611000000|  0%| F|  |TAMS 0x0000000610c00000| PB 0x0000000610c00000| Untracked 
|  49|0x0000000611000000, 0x0000000611000000, 0x0000000611400000|  0%| F|  |TAMS 0x0000000611000000| PB 0x0000000611000000| Untracked 
|  50|0x0000000611400000, 0x0000000611400000, 0x0000000611800000|  0%| F|  |TAMS 0x0000000611400000| PB 0x0000000611400000| Untracked 
|  51|0x0000000611800000, 0x0000000611800000, 0x0000000611c00000|  0%| F|  |TAMS 0x0000000611800000| PB 0x0000000611800000| Untracked 
|  52|0x0000000611c00000, 0x0000000611c00000, 0x0000000612000000|  0%| F|  |TAMS 0x0000000611c00000| PB 0x0000000611c00000| Untracked 
|  53|0x0000000612000000, 0x0000000612000000, 0x0000000612400000|  0%| F|  |TAMS 0x0000000612000000| PB 0x0000000612000000| Untracked 
|  54|0x0000000612400000, 0x0000000612400000, 0x0000000612800000|  0%| F|  |TAMS 0x0000000612400000| PB 0x0000000612400000| Untracked 
|  55|0x0000000612800000, 0x0000000612800000, 0x0000000612c00000|  0%| F|  |TAMS 0x0000000612800000| PB 0x0000000612800000| Untracked 
|  56|0x0000000612c00000, 0x0000000612c00000, 0x0000000613000000|  0%| F|  |TAMS 0x0000000612c00000| PB 0x0000000612c00000| Untracked 
|  57|0x0000000613000000, 0x0000000613000000, 0x0000000613400000|  0%| F|  |TAMS 0x0000000613000000| PB 0x0000000613000000| Untracked 
|  58|0x0000000613400000, 0x0000000613400000, 0x0000000613800000|  0%| F|  |TAMS 0x0000000613400000| PB 0x0000000613400000| Untracked 
|  59|0x0000000613800000, 0x0000000613800000, 0x0000000613c00000|  0%| F|  |TAMS 0x0000000613800000| PB 0x0000000613800000| Untracked 
|  60|0x0000000613c00000, 0x0000000613c00000, 0x0000000614000000|  0%| F|  |TAMS 0x0000000613c00000| PB 0x0000000613c00000| Untracked 
|  61|0x0000000614000000, 0x0000000614000000, 0x0000000614400000|  0%| F|  |TAMS 0x0000000614000000| PB 0x0000000614000000| Untracked 
|  62|0x0000000614400000, 0x0000000614400000, 0x0000000614800000|  0%| F|  |TAMS 0x0000000614400000| PB 0x0000000614400000| Untracked 
|  63|0x0000000614800000, 0x0000000614800000, 0x0000000614c00000|  0%| F|  |TAMS 0x0000000614800000| PB 0x0000000614800000| Untracked 
|  64|0x0000000614c00000, 0x0000000614c00000, 0x0000000615000000|  0%| F|  |TAMS 0x0000000614c00000| PB 0x0000000614c00000| Untracked 
|  65|0x0000000615000000, 0x0000000615000000, 0x0000000615400000|  0%| F|  |TAMS 0x0000000615000000| PB 0x0000000615000000| Untracked 
|  66|0x0000000615400000, 0x0000000615400000, 0x0000000615800000|  0%| F|  |TAMS 0x0000000615400000| PB 0x0000000615400000| Untracked 
|  67|0x0000000615800000, 0x0000000615800000, 0x0000000615c00000|  0%| F|  |TAMS 0x0000000615800000| PB 0x0000000615800000| Untracked 
|  68|0x0000000615c00000, 0x0000000615c00000, 0x0000000616000000|  0%| F|  |TAMS 0x0000000615c00000| PB 0x0000000615c00000| Untracked 
|  69|0x0000000616000000, 0x0000000616000000, 0x0000000616400000|  0%| F|  |TAMS 0x0000000616000000| PB 0x0000000616000000| Untracked 
|  70|0x0000000616400000, 0x0000000616400000, 0x0000000616800000|  0%| F|  |TAMS 0x0000000616400000| PB 0x0000000616400000| Untracked 
|  71|0x0000000616800000, 0x0000000616800000, 0x0000000616c00000|  0%| F|  |TAMS 0x0000000616800000| PB 0x0000000616800000| Untracked 
|  72|0x0000000616c00000, 0x0000000616c00000, 0x0000000617000000|  0%| F|  |TAMS 0x0000000616c00000| PB 0x0000000616c00000| Untracked 
|  73|0x0000000617000000, 0x0000000617000000, 0x0000000617400000|  0%| F|  |TAMS 0x0000000617000000| PB 0x0000000617000000| Untracked 
|  74|0x0000000617400000, 0x0000000617400000, 0x0000000617800000|  0%| F|  |TAMS 0x0000000617400000| PB 0x0000000617400000| Untracked 
|  75|0x0000000617800000, 0x0000000617800000, 0x0000000617c00000|  0%| F|  |TAMS 0x0000000617800000| PB 0x0000000617800000| Untracked 
|  76|0x0000000617c00000, 0x0000000617c00000, 0x0000000618000000|  0%| F|  |TAMS 0x0000000617c00000| PB 0x0000000617c00000| Untracked 
|  77|0x0000000618000000, 0x0000000618000000, 0x0000000618400000|  0%| F|  |TAMS 0x0000000618000000| PB 0x0000000618000000| Untracked 
|  78|0x0000000618400000, 0x0000000618400000, 0x0000000618800000|  0%| F|  |TAMS 0x0000000618400000| PB 0x0000000618400000| Untracked 
|  79|0x0000000618800000, 0x0000000618800000, 0x0000000618c00000|  0%| F|  |TAMS 0x0000000618800000| PB 0x0000000618800000| Untracked 
|  80|0x0000000618c00000, 0x0000000618c00000, 0x0000000619000000|  0%| F|  |TAMS 0x0000000618c00000| PB 0x0000000618c00000| Untracked 
|  81|0x0000000619000000, 0x0000000619000000, 0x0000000619400000|  0%| F|  |TAMS 0x0000000619000000| PB 0x0000000619000000| Untracked 
|  82|0x0000000619400000, 0x0000000619400000, 0x0000000619800000|  0%| F|  |TAMS 0x0000000619400000| PB 0x0000000619400000| Untracked 
|  83|0x0000000619800000, 0x0000000619800000, 0x0000000619c00000|  0%| F|  |TAMS 0x0000000619800000| PB 0x0000000619800000| Untracked 
|  84|0x0000000619c00000, 0x0000000619c00000, 0x000000061a000000|  0%| F|  |TAMS 0x0000000619c00000| PB 0x0000000619c00000| Untracked 
|  85|0x000000061a000000, 0x000000061a000000, 0x000000061a400000|  0%| F|  |TAMS 0x000000061a000000| PB 0x000000061a000000| Untracked 
|  86|0x000000061a400000, 0x000000061a400000, 0x000000061a800000|  0%| F|  |TAMS 0x000000061a400000| PB 0x000000061a400000| Untracked 
|  87|0x000000061a800000, 0x000000061a800000, 0x000000061ac00000|  0%| F|  |TAMS 0x000000061a800000| PB 0x000000061a800000| Untracked 
|  88|0x000000061ac00000, 0x000000061ac00000, 0x000000061b000000|  0%| F|  |TAMS 0x000000061ac00000| PB 0x000000061ac00000| Untracked 
|  89|0x000000061b000000, 0x000000061b000000, 0x000000061b400000|  0%| F|  |TAMS 0x000000061b000000| PB 0x000000061b000000| Untracked 
|  90|0x000000061b400000, 0x000000061b400000, 0x000000061b800000|  0%| F|  |TAMS 0x000000061b400000| PB 0x000000061b400000| Untracked 
|  91|0x000000061b800000, 0x000000061b800000, 0x000000061bc00000|  0%| F|  |TAMS 0x000000061b800000| PB 0x000000061b800000| Untracked 
|  92|0x000000061bc00000, 0x000000061bc00000, 0x000000061c000000|  0%| F|  |TAMS 0x000000061bc00000| PB 0x000000061bc00000| Untracked 
|  93|0x000000061c000000, 0x000000061c000000, 0x000000061c400000|  0%| F|  |TAMS 0x000000061c000000| PB 0x000000061c000000| Untracked 
|  94|0x000000061c400000, 0x000000061c400000, 0x000000061c800000|  0%| F|  |TAMS 0x000000061c400000| PB 0x000000061c400000| Untracked 
|  95|0x000000061c800000, 0x000000061c800000, 0x000000061cc00000|  0%| F|  |TAMS 0x000000061c800000| PB 0x000000061c800000| Untracked 
|  96|0x000000061cc00000, 0x000000061cc00000, 0x000000061d000000|  0%| F|  |TAMS 0x000000061cc00000| PB 0x000000061cc00000| Untracked 
|  97|0x000000061d000000, 0x000000061d000000, 0x000000061d400000|  0%| F|  |TAMS 0x000000061d000000| PB 0x000000061d000000| Untracked 
|  98|0x000000061d400000, 0x000000061d400000, 0x000000061d800000|  0%| F|  |TAMS 0x000000061d400000| PB 0x000000061d400000| Untracked 
|  99|0x000000061d800000, 0x000000061d800000, 0x000000061dc00000|  0%| F|  |TAMS 0x000000061d800000| PB 0x000000061d800000| Untracked 
| 100|0x000000061dc00000, 0x000000061dc00000, 0x000000061e000000|  0%| F|  |TAMS 0x000000061dc00000| PB 0x000000061dc00000| Untracked 
| 101|0x000000061e000000, 0x000000061e000000, 0x000000061e400000|  0%| F|  |TAMS 0x000000061e000000| PB 0x000000061e000000| Untracked 
| 102|0x000000061e400000, 0x000000061e400000, 0x000000061e800000|  0%| F|  |TAMS 0x000000061e400000| PB 0x000000061e400000| Untracked 
| 103|0x000000061e800000, 0x000000061e800000, 0x000000061ec00000|  0%| F|  |TAMS 0x000000061e800000| PB 0x000000061e800000| Untracked 
| 104|0x000000061ec00000, 0x000000061ec00000, 0x000000061f000000|  0%| F|  |TAMS 0x000000061ec00000| PB 0x000000061ec00000| Untracked 
| 105|0x000000061f000000, 0x000000061f000000, 0x000000061f400000|  0%| F|  |TAMS 0x000000061f000000| PB 0x000000061f000000| Untracked 
| 106|0x000000061f400000, 0x000000061f400000, 0x000000061f800000|  0%| F|  |TAMS 0x000000061f400000| PB 0x000000061f400000| Untracked 
| 107|0x000000061f800000, 0x000000061f800000, 0x000000061fc00000|  0%| F|  |TAMS 0x000000061f800000| PB 0x000000061f800000| Untracked 
| 108|0x000000061fc00000, 0x000000061fc00000, 0x0000000620000000|  0%| F|  |TAMS 0x000000061fc00000| PB 0x000000061fc00000| Untracked 
| 109|0x0000000620000000, 0x0000000620000000, 0x0000000620400000|  0%| F|  |TAMS 0x0000000620000000| PB 0x0000000620000000| Untracked 
| 110|0x0000000620400000, 0x0000000620400000, 0x0000000620800000|  0%| F|  |TAMS 0x0000000620400000| PB 0x0000000620400000| Untracked 
| 111|0x0000000620800000, 0x0000000620800000, 0x0000000620c00000|  0%| F|  |TAMS 0x0000000620800000| PB 0x0000000620800000| Untracked 
| 112|0x0000000620c00000, 0x0000000620c00000, 0x0000000621000000|  0%| F|  |TAMS 0x0000000620c00000| PB 0x0000000620c00000| Untracked 
| 113|0x0000000621000000, 0x0000000621000000, 0x0000000621400000|  0%| F|  |TAMS 0x0000000621000000| PB 0x0000000621000000| Untracked 
| 114|0x0000000621400000, 0x0000000621400000, 0x0000000621800000|  0%| F|  |TAMS 0x0000000621400000| PB 0x0000000621400000| Untracked 
| 115|0x0000000621800000, 0x0000000621800000, 0x0000000621c00000|  0%| F|  |TAMS 0x0000000621800000| PB 0x0000000621800000| Untracked 
| 116|0x0000000621c00000, 0x0000000621c00000, 0x0000000622000000|  0%| F|  |TAMS 0x0000000621c00000| PB 0x0000000621c00000| Untracked 
| 117|0x0000000622000000, 0x0000000622000000, 0x0000000622400000|  0%| F|  |TAMS 0x0000000622000000| PB 0x0000000622000000| Untracked 
| 118|0x0000000622400000, 0x0000000622400000, 0x0000000622800000|  0%| F|  |TAMS 0x0000000622400000| PB 0x0000000622400000| Untracked 
| 119|0x0000000622800000, 0x0000000622800000, 0x0000000622c00000|  0%| F|  |TAMS 0x0000000622800000| PB 0x0000000622800000| Untracked 
| 120|0x0000000622c00000, 0x0000000622c00000, 0x0000000623000000|  0%| F|  |TAMS 0x0000000622c00000| PB 0x0000000622c00000| Untracked 
| 121|0x0000000623000000, 0x0000000623000000, 0x0000000623400000|  0%| F|  |TAMS 0x0000000623000000| PB 0x0000000623000000| Untracked 
| 122|0x0000000623400000, 0x000000062347b638, 0x0000000623800000| 12%| E|  |TAMS 0x0000000623400000| PB 0x0000000623400000| Complete 
| 123|0x0000000623800000, 0x0000000623c00000, 0x0000000623c00000|100%| E|CS|TAMS 0x0000000623800000| PB 0x0000000623800000| Complete 
| 124|0x0000000623c00000, 0x0000000624000000, 0x0000000624000000|100%| E|  |TAMS 0x0000000623c00000| PB 0x0000000623c00000| Complete 
| 125|0x0000000624000000, 0x0000000624400000, 0x0000000624400000|100%| E|CS|TAMS 0x0000000624000000| PB 0x0000000624000000| Complete 
| 126|0x0000000624400000, 0x0000000624800000, 0x0000000624800000|100%| E|CS|TAMS 0x0000000624400000| PB 0x0000000624400000| Complete 

Card table byte_map: [0x00000220281e0000,0x00000220291c0000] _byte_map_base: 0x00000220251ba000

Marking Bits: (CMBitMap*) 0x0000022016e9b290
 Bits: [0x000002202a1a0000, 0x0000022032070000)

Polling page: 0x000002200d4e0000

Metaspace:

Usage:
  Non-class:      9.21 MB used.
      Class:      1.16 MB used.
       Both:     10.38 MB used.

Virtual space:
  Non-class space:       64.00 MB reserved,       9.38 MB ( 15%) committed,  1 nodes.
      Class space:        1.00 GB reserved,       1.25 MB ( <1%) committed,  1 nodes.
             Both:        1.06 GB reserved,      10.62 MB ( <1%) committed. 

Chunk freelists:
   Non-Class:  2.49 MB
       Class:  2.72 MB
        Both:  5.21 MB

MaxMetaspaceSize: unlimited
CompressedClassSpaceSize: 1.00 GB
Initial GC threshold: 21.00 MB
Current GC threshold: 21.00 MB
CDS: on
MetaspaceReclaimPolicy: balanced
 - commit_granule_bytes: 65536.
 - commit_granule_words: 8192.
 - virtual_space_node_default_size: 8388608.
 - enlarge_chunks_in_place: 1.
 - new_chunks_are_fully_committed: 0.
 - uncommit_free_chunks: 1.
 - use_allocation_guard: 0.


Internal statistics:

num_allocs_failed_limit: 0.
num_arena_births: 170.
num_arena_deaths: 0.
num_vsnodes_births: 2.
num_vsnodes_deaths: 0.
num_space_committed: 170.
num_space_uncommitted: 0.
num_chunks_returned_to_freelist: 0.
num_chunks_taken_from_freelist: 215.
num_chunk_merges: 0.
num_chunk_splits: 130.
num_chunks_enlarged: 60.
num_inconsistent_stats: 0.

CodeHeap 'non-profiled nmethods': size=119168Kb used=425Kb max_used=425Kb free=118742Kb
 bounds [0x000002201eba0000, 0x000002201ee10000, 0x0000022026000000]
CodeHeap 'profiled nmethods': size=119104Kb used=2658Kb max_used=2658Kb free=116445Kb
 bounds [0x0000022017000000, 0x00000220172a0000, 0x000002201e450000]
CodeHeap 'non-nmethods': size=7488Kb used=1681Kb max_used=1698Kb free=5806Kb
 bounds [0x000002201e450000, 0x000002201e6c0000, 0x000002201eba0000]
 total_blobs=2201 nmethods=1522 adapters=590
 compilation: enabled
              stopped_count=0, restarted_count=0
 full_count=0

Compilation events (20 events):
Event: 14.801 Thread 0x0000022035263eb0 nmethod 1521 0x0000022017294890 code [0x0000022017294a40, 0x0000022017294dc8]
Event: 14.801 Thread 0x0000022035263eb0 1520       3       sun.java2d.loops.MaskBlit::getFromCache (102 bytes)
Event: 14.802 Thread 0x0000022035263eb0 nmethod 1520 0x0000022017294e90 code [0x0000022017295120, 0x0000022017295bb0]
Event: 14.802 Thread 0x0000022035263eb0 1514   !   3       sun.java2d.SunGraphics2D::fillRect (74 bytes)
Event: 14.802 Thread 0x0000022035263eb0 nmethod 1514 0x0000022017296010 code [0x0000022017296220, 0x0000022017296948]
Event: 14.802 Thread 0x0000022035263eb0 1515       3       sun.java2d.pipe.ValidatePipe::fillRect (25 bytes)
Event: 14.802 Thread 0x0000022035263eb0 nmethod 1515 0x0000022017296d10 code [0x0000022017296ee0, 0x00000220172973e0]
Event: 14.802 Thread 0x0000022035263eb0 1516       3       sun.java2d.pipe.LoopPipe::fillRect (32 bytes)
Event: 14.802 Thread 0x0000022035263eb0 nmethod 1516 0x0000022017297610 code [0x00000220172977a0, 0x0000022017297958]
Event: 14.802 Thread 0x0000022035263eb0 1512       3       java.awt.Component::hasFocus (16 bytes)
Event: 14.802 Thread 0x0000022035263eb0 nmethod 1512 0x0000022017297a90 code [0x0000022017297c40, 0x0000022017297f20]
Event: 14.802 Thread 0x0000022035263eb0 1513       1       javax.swing.JTextField::getUIClassID (3 bytes)
Event: 14.802 Thread 0x0000022035263eb0 nmethod 1513 0x000002201ec09d10 code [0x000002201ec09e80, 0x000002201ec09f50]
Event: 14.802 Thread 0x0000022035263eb0 1511       3       java.lang.StringLatin1::getChars (12 bytes)
Event: 14.802 Thread 0x0000022035263eb0 nmethod 1511 0x0000022017298090 code [0x0000022017298220, 0x0000022017298340]
Event: 14.803 Thread 0x0000022035261520 nmethod 1522 0x000002201ec0a010 code [0x000002201ec0a180, 0x000002201ec0a360]
Event: 15.305 Thread 0x0000022035263eb0 1523       3       sun.java2d.pipe.Region::clipScale (41 bytes)
Event: 15.306 Thread 0x0000022035263eb0 nmethod 1523 0x0000022017298410 code [0x00000220172985e0, 0x00000220172988b0]
Event: 15.306 Thread 0x0000022035261520 1524 %     4       javax.swing.plaf.nimbus.InnerShadowEffect::applyEffect @ 355 (604 bytes)
Event: 15.306 Thread 0x0000022035263eb0 1525       3       javax.swing.plaf.nimbus.NimbusStyle::get (241 bytes)

GC Heap History (0 events):
No events

Dll operation events (9 events):
Event: 0.017 Loaded shared library C:\Program Files\Java\jdk-20\bin\java.dll
Event: 0.046 Loaded shared library C:\Program Files\Java\jdk-20\bin\jsvml.dll
Event: 0.104 Loaded shared library C:\Program Files\Java\jdk-20\bin\net.dll
Event: 0.108 Loaded shared library C:\Program Files\Java\jdk-20\bin\nio.dll
Event: 0.125 Loaded shared library C:\Program Files\Java\jdk-20\bin\zip.dll
Event: 0.146 Loaded shared library C:\Program Files\Java\jdk-20\bin\jimage.dll
Event: 0.163 Loaded shared library C:\Program Files\Java\jdk-20\bin\awt.dll
Event: 0.243 Loaded shared library C:\Program Files\Java\jdk-20\bin\freetype.dll
Event: 0.245 Loaded shared library C:\Program Files\Java\jdk-20\bin\fontmanager.dll

Deoptimization events (20 events):
Event: 1.046 Thread 0x0000022039936330 DEOPT PACKING pc=0x00000220171bf233 sp=0x000000661fffdb30
Event: 1.046 Thread 0x0000022039936330 DEOPT UNPACKING pc=0x000002201e4ba4c2 sp=0x000000661fffcfa8 mode 0
Event: 1.046 Thread 0x0000022039936330 DEOPT PACKING pc=0x00000220171bf233 sp=0x000000661fffdb30
Event: 1.046 Thread 0x0000022039936330 DEOPT UNPACKING pc=0x000002201e4ba4c2 sp=0x000000661fffcfa8 mode 0
Event: 6.440 Thread 0x0000022039936330 Uncommon trap: trap_request=0xffffffde fr.pc=0x000002201ebb0d28 relative=0x00000000000001a8
Event: 6.440 Thread 0x0000022039936330 Uncommon trap: reason=class_check action=maybe_recompile pc=0x000002201ebb0d28 method=java.lang.String.equals(Ljava/lang/Object;)Z @ 8 c2
Event: 6.440 Thread 0x0000022039936330 DEOPT PACKING pc=0x000002201ebb0d28 sp=0x000000661fffe0d0
Event: 6.440 Thread 0x0000022039936330 DEOPT UNPACKING pc=0x000002201e4b9d22 sp=0x000000661fffe058 mode 2
Event: 6.440 Thread 0x0000022039936330 Uncommon trap: trap_request=0xffffffde fr.pc=0x000002201ebb0d28 relative=0x00000000000001a8
Event: 6.440 Thread 0x0000022039936330 Uncommon trap: reason=class_check action=maybe_recompile pc=0x000002201ebb0d28 method=java.lang.String.equals(Ljava/lang/Object;)Z @ 8 c2
Event: 6.440 Thread 0x0000022039936330 DEOPT PACKING pc=0x000002201ebb0d28 sp=0x000000661fffe0d0
Event: 6.440 Thread 0x0000022039936330 DEOPT UNPACKING pc=0x000002201e4b9d22 sp=0x000000661fffe058 mode 2
Event: 8.731 Thread 0x0000022039936330 DEOPT PACKING pc=0x00000220171f60f9 sp=0x000000661fffd090
Event: 8.731 Thread 0x0000022039936330 DEOPT UNPACKING pc=0x000002201e4ba4c2 sp=0x000000661fffc518 mode 0
Event: 11.269 Thread 0x0000022039936330 DEOPT PACKING pc=0x00000220171f06a6 sp=0x000000661fffd3d0
Event: 11.269 Thread 0x0000022039936330 DEOPT UNPACKING pc=0x000002201e4ba4c2 sp=0x000000661fffc760 mode 0
Event: 12.783 Thread 0x0000022039936330 DEOPT PACKING pc=0x00000220171c3619 sp=0x000000661fffcf80
Event: 12.783 Thread 0x0000022039936330 DEOPT UNPACKING pc=0x000002201e4ba4c2 sp=0x000000661fffc308 mode 0
Event: 14.801 Thread 0x0000022039936330 DEOPT PACKING pc=0x00000220171c0d32 sp=0x000000661fffd520
Event: 14.801 Thread 0x0000022039936330 DEOPT UNPACKING pc=0x000002201e4ba4c2 sp=0x000000661fffc9b0 mode 0

Classes loaded (20 events):
Event: 6.201 Loading class sun/awt/DebugSettings
Event: 6.201 Loading class sun/awt/DebugSettings done
Event: 6.201 Loading class javax/swing/JComponent$KeyboardState
Event: 6.202 Loading class javax/swing/JComponent$KeyboardState done
Event: 6.202 Loading class javax/swing/JComponent$IntVector
Event: 6.202 Loading class javax/swing/JComponent$IntVector done
Event: 6.202 Loading class javax/swing/KeyboardManager
Event: 6.202 Loading class javax/swing/KeyboardManager done
Event: 6.202 Loading class javax/swing/Popup$HeavyWeightWindow
Event: 6.202 Loading class sun/awt/ModalExclude
Event: 6.202 Loading class sun/awt/ModalExclude done
Event: 6.202 Loading class javax/swing/JWindow
Event: 6.203 Loading class javax/swing/JWindow done
Event: 6.203 Loading class javax/swing/Popup$HeavyWeightWindow done
Event: 6.440 Loading class javax/swing/JComponent$ActionStandin
Event: 6.440 Loading class javax/swing/JComponent$ActionStandin done
Event: 8.726 Loading class sun/awt/windows/WInputMethod$1
Event: 8.726 Loading class sun/awt/windows/WInputMethod$1 done
Event: 8.728 Loading class java/awt/font/TextHitInfo
Event: 8.728 Loading class java/awt/font/TextHitInfo done

Classes unloaded (0 events):
No events

Classes redefined (0 events):
No events

Internal exceptions (20 events):
Event: 0.274 Thread 0x000002200edb7380 Exception <a 'java/lang/ClassNotFoundException'{0x00000006242ff1b0}: ToolBarSeparator> (0x00000006242ff1b0) 
thrown [s\open\src\hotspot\share\classfile\systemDictionary.cpp, line 305]
Event: 0.274 Thread 0x000002200edb7380 Exception <a 'java/lang/ClassNotFoundException'{0x00000006242ff6b8}: ToolTip> (0x00000006242ff6b8) 
thrown [s\open\src\hotspot\share\classfile\systemDictionary.cpp, line 305]
Event: 0.275 Thread 0x000002200edb7380 Exception <a 'java/lang/ClassNotFoundException'{0x00000006242ffff8}: Tree> (0x00000006242ffff8) 
thrown [s\open\src\hotspot\share\classfile\systemDictionary.cpp, line 305]
Event: 0.275 Thread 0x000002200edb7380 Exception <a 'java/lang/ClassNotFoundException'{0x00000006243004f0}: Tree> (0x00000006243004f0) 
thrown [s\open\src\hotspot\share\classfile\systemDictionary.cpp, line 305]
Event: 0.275 Thread 0x000002200edb7380 Exception <a 'java/lang/ClassNotFoundException'{0x0000000624300860}: javax/swing/JTreeCell> (0x0000000624300860) 
thrown [s\open\src\hotspot\share\classfile\systemDictionary.cpp, line 305]
Event: 0.275 Thread 0x000002200edb7380 Exception <a 'java/lang/ClassNotFoundException'{0x0000000624300b68}: TreeCell> (0x0000000624300b68) 
thrown [s\open\src\hotspot\share\classfile\systemDictionary.cpp, line 305]
Event: 0.275 Thread 0x000002200edb7380 Exception <a 'java/lang/ClassNotFoundException'{0x0000000624301310}: RootPane> (0x0000000624301310) 
thrown [s\open\src\hotspot\share\classfile\systemDictionary.cpp, line 305]
Event: 0.277 Thread 0x000002200edb7380 Exception <a 'java/lang/ClassNotFoundException'{0x00000006243040b8}: com/sun/swing/internal/plaf/metal/resources/spi/metalProvider> (0x00000006243040b8) 
thrown [s\open\src\hotspot\share\classfile\systemDictionary.cpp, line 305]
Event: 0.277 Thread 0x000002200edb7380 Exception <a 'java/lang/ClassNotFoundException'{0x0000000624307d68}: com/sun/swing/internal/plaf/basic/resources/spi/basicProvider> (0x0000000624307d68) 
thrown [s\open\src\hotspot\share\classfile\systemDictionary.cpp, line 305]
Event: 0.298 Thread 0x0000022039936330 Exception <a 'java/lang/ClassNotFoundException'{0x00000006243ec808}: com/sun/swing/internal/plaf/synth/resources/spi/synthProvider> (0x00000006243ec808) 
thrown [s\open\src\hotspot\share\classfile\systemDictionary.cpp, line 305]
Event: 0.309 Thread 0x0000022039936330 Exception <a 'java/lang/NoSuchMethodError'{0x0000000623c2f940}: 'int java.lang.invoke.Invokers$Holder.invokeExact_MT(java.lang.Object, java.lang.Object)'> (0x0000000623c2f940) 
thrown [s\open\src\hotspot\share\interpreter\linkResolver.cpp, line 773]
Event: 0.320 Thread 0x0000022039936330 Exception <a 'java/lang/NoSuchMethodError'{0x0000000623c43f48}: 'java.lang.Object java.lang.invoke.DirectMethodHandle$Holder.newInvokeSpecial(java.lang.Object, java.lang.Object, int)'> (0x0000000623c43f48) 
thrown [s\open\src\hotspot\share\interpreter\linkResolver.cpp, line 773]
Event: 0.320 Thread 0x0000022039936330 Exception <a 'java/lang/NoSuchMethodError'{0x0000000623c48df8}: 'int java.lang.invoke.DirectMethodHandle$Holder.invokeSpecial(java.lang.Object, java.lang.Object, java.lang.Object, int)'> (0x0000000623c48df8) 
thrown [s\open\src\hotspot\share\interpreter\linkResolver.cpp, line 773]
Event: 0.321 Thread 0x0000022039936330 Exception <a 'java/lang/NoSuchMethodError'{0x0000000623c5b418}: 'java.lang.Object java.lang.invoke.DirectMethodHandle$Holder.invokeStatic(java.lang.Object, java.lang.Object, java.lang.Object, java.lang.Object, int)'> (0x0000000623c5b418) 
thrown [s\open\src\hotspot\share\interpreter\linkResolver.cpp, line 773]
Event: 0.321 Thread 0x0000022039936330 Exception <a 'java/lang/NoSuchMethodError'{0x0000000623c63810}: 'int java.lang.invoke.DirectMethodHandle$Holder.invokeSpecial(java.lang.Object, java.lang.Object, java.lang.Object)'> (0x0000000623c63810) 
thrown [s\open\src\hotspot\share\interpreter\linkResolver.cpp, line 773]
Event: 0.388 Thread 0x000002203989eee0 Exception <a 'java/lang/NoSuchMethodError'{0x0000000623e97bb0}: 'java.lang.Object java.lang.invoke.DirectMethodHandle$Holder.newInvokeSpecial(java.lang.Object, java.lang.Object, java.lang.Object, int, int, int, int, int)'> (0x0000000623e97bb0) 
thrown [s\open\src\hotspot\share\interpreter\linkResolver.cpp, line 773]
Event: 0.396 Thread 0x0000022039936330 Exception <a 'java/lang/NoSuchMethodError'{0x0000000623cb1300}: 'void java.lang.invoke.DirectMethodHandle$Holder.invokeStatic(java.lang.Object, java.lang.Object, java.lang.Object)'> (0x0000000623cb1300) 
thrown [s\open\src\hotspot\share\interpreter\linkResolver.cpp, line 773]
Event: 0.396 Thread 0x0000022039936330 Exception <a 'java/lang/NoSuchMethodError'{0x0000000623cb7548}: 'void java.lang.invoke.DirectMethodHandle$Holder.invokeStatic(java.lang.Object, java.lang.Object)'> (0x0000000623cb7548) 
thrown [s\open\src\hotspot\share\interpreter\linkResolver.cpp, line 773]
Event: 0.420 Thread 0x00000220354cda00 Exception <a 'java/lang/NoSuchMethodError'{0x0000000624180690}: 'void java.lang.invoke.DirectMethodHandle$Holder.invokeVirtual(java.lang.Object, java.lang.Object)'> (0x0000000624180690) 
thrown [s\open\src\hotspot\share\interpreter\linkResolver.cpp, line 773]
Event: 0.437 Thread 0x0000022039936330 Exception <a 'java/lang/NoSuchMethodError'{0x0000000623ee9a20}: 'void java.lang.invoke.DirectMethodHandle$Holder.invokeStaticInit(java.lang.Object)'> (0x0000000623ee9a20) 
thrown [s\open\src\hotspot\share\interpreter\linkResolver.cpp, line 773]

VM Operations (20 events):
Event: 3.536 Executing VM operation: Cleanup
Event: 3.536 Executing VM operation: Cleanup done
Event: 5.550 Executing VM operation: Cleanup
Event: 5.550 Executing VM operation: Cleanup done
Event: 6.558 Executing VM operation: Cleanup
Event: 6.558 Executing VM operation: Cleanup done
Event: 7.566 Executing VM operation: Cleanup
Event: 7.566 Executing VM operation: Cleanup done
Event: 8.576 Executing VM operation: Cleanup
Event: 8.576 Executing VM operation: Cleanup done
Event: 9.589 Executing VM operation: Cleanup
Event: 9.589 Executing VM operation: Cleanup done
Event: 10.601 Executing VM operation: Cleanup
Event: 10.601 Executing VM operation: Cleanup done
Event: 11.616 Executing VM operation: Cleanup
Event: 11.616 Executing VM operation: Cleanup done
Event: 12.623 Executing VM operation: Cleanup
Event: 12.623 Executing VM operation: Cleanup done
Event: 13.628 Executing VM operation: Cleanup
Event: 13.628 Executing VM operation: Cleanup done

Events (20 events):
Event: 0.046 Thread 0x000002200edb7380 Thread added: 0x000002200edb7380
Event: 0.065 Thread 0x0000022016ffe520 Thread added: 0x0000022016ffe520
Event: 0.065 Thread 0x000002203524d360 Thread added: 0x000002203524d360
Event: 0.066 Thread 0x00000220352513c0 Thread added: 0x00000220352513c0
Event: 0.066 Thread 0x0000022035253d10 Thread added: 0x0000022035253d10
Event: 0.066 Thread 0x0000022035254650 Thread added: 0x0000022035254650
Event: 0.066 Thread 0x0000022035254f90 Thread added: 0x0000022035254f90
Event: 0.066 Thread 0x0000022035261520 Thread added: 0x0000022035261520
Event: 0.066 Thread 0x0000022035263eb0 Thread added: 0x0000022035263eb0
Event: 0.094 Thread 0x0000022035332c40 Thread added: 0x0000022035332c40
Event: 0.120 Thread 0x0000022035421400 Thread added: 0x0000022035421400
Event: 0.197 Thread 0x00000220354ccf60 Thread added: 0x00000220354ccf60
Event: 0.198 Thread 0x00000220354cd4b0 Thread added: 0x00000220354cd4b0
Event: 0.198 Thread 0x00000220354cda00 Thread added: 0x00000220354cda00
Event: 0.287 Thread 0x0000022039936330 Thread added: 0x0000022039936330
Event: 0.287 Thread 0x000002200edb7380 Thread exited: 0x000002200edb7380
Event: 0.287 Thread 0x000002200edb7380 Thread added: 0x000002200edb7380
Event: 0.347 Thread 0x000002203989eee0 Thread added: 0x000002203989eee0
Event: 0.541 Thread 0x0000022039f39660 Thread added: 0x0000022039f39660
Event: 5.393 Thread 0x000002203989eee0 Thread exited: 0x000002203989eee0


Dynamic libraries:
0x00007ff7e80d0000 - 0x00007ff7e80e0000 	C:\Program Files\Java\jdk-20\bin\java.exe
0x00007ffdb94d0000 - 0x00007ffdb96c8000 	C:\Windows\SYSTEM32\ntdll.dll
0x00007ffdb9360000 - 0x00007ffdb941d000 	C:\Windows\System32\KERNEL32.DLL
0x00007ffdb6ea0000 - 0x00007ffdb716e000 	C:\Windows\System32\KERNELBASE.dll
0x00007ffdb6da0000 - 0x00007ffdb6ea0000 	C:\Windows\System32\ucrtbase.dll
0x00007ffda9d90000 - 0x00007ffda9dab000 	C:\Program Files\Java\jdk-20\bin\VCRUNTIME140.dll
0x00007ffdaa2c0000 - 0x00007ffdaa2d9000 	C:\Program Files\Java\jdk-20\bin\jli.dll
0x00007ffdb7be0000 - 0x00007ffdb7c8e000 	C:\Windows\System32\ADVAPI32.dll
0x00007ffdb7b30000 - 0x00007ffdb7bce000 	C:\Windows\System32\msvcrt.dll
0x00007ffdb7750000 - 0x00007ffdb77ec000 	C:\Windows\System32\sechost.dll
0x00007ffdb8610000 - 0x00007ffdb8735000 	C:\Windows\System32\RPCRT4.dll
0x00007ffdb8380000 - 0x00007ffdb8520000 	C:\Windows\System32\USER32.dll
0x00007ffdb6d70000 - 0x00007ffdb6d92000 	C:\Windows\System32\win32u.dll
0x00007ffdb78c0000 - 0x00007ffdb78ea000 	C:\Windows\System32\GDI32.dll
0x00007ffd817f0000 - 0x00007ffd81a8a000 	C:\Windows\WinSxS\amd64_microsoft.windows.common-controls_6595b64144ccf1df_6.0.19041.1110_none_60b5254171f9507e\COMCTL32.dll
0x00007ffdb72c0000 - 0x00007ffdb73cb000 	C:\Windows\System32\gdi32full.dll
0x00007ffdb6cd0000 - 0x00007ffdb6d6d000 	C:\Windows\System32\msvcp_win.dll
0x00007ffdb6010000 - 0x00007ffdb601a000 	C:\Windows\SYSTEM32\VERSION.dll
0x00007ffdb8580000 - 0x00007ffdb85b0000 	C:\Windows\System32\IMM32.DLL
0x00007ffdb67f0000 - 0x00007ffdb6862000 	C:\Windows\system32\guard64.dll
0x00007ffdb65d0000 - 0x00007ffdb67bc000 	C:\Windows\SYSTEM32\urlmon.dll
0x00007ffdb62d0000 - 0x00007ffdb6581000 	C:\Windows\SYSTEM32\iertutil.dll
0x00007ffdb6590000 - 0x00007ffdb659c000 	C:\Windows\SYSTEM32\netutils.dll
0x00007ffdb65a0000 - 0x00007ffdb65c8000 	C:\Windows\SYSTEM32\srvcli.dll
0x00007ffdb8000000 - 0x00007ffdb8354000 	C:\Windows\System32\combase.dll
0x00007ffdb7a80000 - 0x00007ffdb7b2d000 	C:\Windows\System32\shcore.dll
0x00007ffdb7e40000 - 0x00007ffdb7f6a000 	C:\Windows\System32\ole32.dll
0x00007ffdb6870000 - 0x00007ffdb687b000 	C:\Windows\system32\fltlib.dll
0x00007ffdb8740000 - 0x00007ffdb8e84000 	C:\Windows\System32\shell32.dll
0x00007ffdb6900000 - 0x00007ffdb69a4000 	C:\Windows\SYSTEM32\edrpm64.dll
0x00007ffdb67c0000 - 0x00007ffdb67e7000 	C:\Windows\SYSTEM32\winmm.dll
0x00007ffdb6ae0000 - 0x00007ffdb6b12000 	C:\Windows\SYSTEM32\sspicli.dll
0x00007ffdb1bc0000 - 0x00007ffdb1bcc000 	C:\Program Files\Java\jdk-20\bin\vcruntime140_1.dll
0x00007ffd54500000 - 0x00007ffd5458e000 	C:\Program Files\Java\jdk-20\bin\msvcp140.dll
0x00007ffcec1c0000 - 0x00007ffcece57000 	C:\Program Files\Java\jdk-20\bin\server\jvm.dll
0x00007ffd9f4f0000 - 0x00007ffd9f4f9000 	C:\Windows\SYSTEM32\WSOCK32.dll
0x00007ffdb9420000 - 0x00007ffdb948b000 	C:\Windows\System32\WS2_32.dll
0x00007ffdb5270000 - 0x00007ffdb5282000 	C:\Windows\SYSTEM32\kernel.appcore.dll
0x00007ffda9d10000 - 0x00007ffda9d1a000 	C:\Program Files\Java\jdk-20\bin\jimage.dll
0x00007ffdb4b10000 - 0x00007ffdb4cf4000 	C:\Windows\SYSTEM32\DBGHELP.DLL
0x00007ffd9ffb0000 - 0x00007ffd9ffdc000 	C:\Windows\SYSTEM32\dbgcore.DLL
0x00007ffdb6bf0000 - 0x00007ffdb6c72000 	C:\Windows\System32\bcryptPrimitives.dll
0x00007ffda9d20000 - 0x00007ffda9d46000 	C:\Program Files\Java\jdk-20\bin\java.dll
0x00007ffd6e370000 - 0x00007ffd6e447000 	C:\Program Files\Java\jdk-20\bin\jsvml.dll
0x00007ffdb42a0000 - 0x00007ffdb4a34000 	C:\Windows\SYSTEM32\windows.storage.dll
0x00007ffdb5f10000 - 0x00007ffdb5f40000 	C:\Windows\SYSTEM32\Wldp.dll
0x00007ffdb85b0000 - 0x00007ffdb8605000 	C:\Windows\System32\shlwapi.dll
0x00007ffdb6b30000 - 0x00007ffdb6b4f000 	C:\Windows\SYSTEM32\profapi.dll
0x00007ffda9cf0000 - 0x00007ffda9d03000 	C:\Program Files\Java\jdk-20\bin\net.dll
0x00007ffdb1550000 - 0x00007ffdb165a000 	C:\Windows\SYSTEM32\WINHTTP.dll
0x00007ffdb5c70000 - 0x00007ffdb5cda000 	C:\Windows\system32\mswsock.dll
0x00007ffda9cd0000 - 0x00007ffda9ce6000 	C:\Program Files\Java\jdk-20\bin\nio.dll
0x00007ffda9cb0000 - 0x00007ffda9cc8000 	C:\Program Files\Java\jdk-20\bin\zip.dll
0x00007ffd6b2a0000 - 0x00007ffd6b431000 	C:\Program Files\Java\jdk-20\bin\awt.dll
0x00007ffdb77f0000 - 0x00007ffdb78bd000 	C:\Windows\System32\OLEAUT32.dll
0x00007ffdb3a70000 - 0x00007ffdb3b00000 	C:\Windows\SYSTEM32\apphelp.dll
0x00007ffdb3bc0000 - 0x00007ffdb3c5e000 	C:\Windows\system32\uxtheme.dll
0x00007ffdb7630000 - 0x00007ffdb7745000 	C:\Windows\System32\MSCTF.dll
0x00007ffdb3f90000 - 0x00007ffdb3fbf000 	C:\Windows\system32\DWMAPI.DLL
0x00007ffd53280000 - 0x00007ffd53306000 	C:\Program Files\Java\jdk-20\bin\freetype.dll
0x00007ffd531b0000 - 0x00007ffd53276000 	C:\Program Files\Java\jdk-20\bin\fontmanager.dll
0x00007ffd53650000 - 0x00007ffd53777000 	C:\Windows\system32\opengl32.dll
0x00007ffd60fe0000 - 0x00007ffd6100c000 	C:\Windows\SYSTEM32\GLU32.dll
0x00007ffdb78f0000 - 0x00007ffdb7999000 	C:\Windows\System32\clbcatq.dll
0x00007ffdb0ce0000 - 0x00007ffdb0e94000 	C:\Windows\SYSTEM32\WindowsCodecs.dll
0x00007ffdb7290000 - 0x00007ffdb72b7000 	C:\Windows\System32\bcrypt.dll
0x00007ffd7cd20000 - 0x00007ffd7cd5e000 	C:\Windows\system32\dataexchange.dll
0x00007ffdb20e0000 - 0x00007ffdb2343000 	C:\Windows\system32\d3d11.dll
0x00007ffdb2ed0000 - 0x00007ffdb30b4000 	C:\Windows\system32\dcomp.dll
0x00007ffdb4e70000 - 0x00007ffdb4f63000 	C:\Windows\system32\dxgi.dll
0x00007ffdb09c0000 - 0x00007ffdb0bc0000 	C:\Windows\system32\twinapi.appcore.dll
0x00007ffda6590000 - 0x00007ffda6689000 	C:\Windows\SYSTEM32\textinputframework.dll
0x00007ffdb3440000 - 0x00007ffdb379e000 	C:\Windows\System32\CoreUIComponents.dll
0x00007ffdb37d0000 - 0x00007ffdb38c2000 	C:\Windows\System32\CoreMessaging.dll
0x00007ffdb5290000 - 0x00007ffdb52c3000 	C:\Windows\SYSTEM32\ntmarta.dll
0x00007ffdb27b0000 - 0x00007ffdb2904000 	C:\Windows\SYSTEM32\wintypes.dll
0x00007ffda2080000 - 0x00007ffda20e6000 	C:\Windows\system32\Oleacc.dll

dbghelp: loaded successfully - version: 4.0.5 - missing functions: none
symbol engine: initialized successfully - sym options: 0x614 - pdb path: .;C:\Program Files\Java\jdk-20\bin;C:\Windows\SYSTEM32;C:\Windows\WinSxS\amd64_microsoft.windows.common-controls_6595b64144ccf1df_6.0.19041.1110_none_60b5254171f9507e;C:\Program Files\Java\jdk-20\bin\server

VM Arguments:
jvm_args: -Dfile.encoding=UTF-8 --module-path=C:\Users\Alumno\Documents\yuriko\para no desordenar\DSistema_Ventas\build\classes 
java_command: Presentacion.frmLogin
java_class_path (initial): C:\Program Files\NetBeans-17\netbeans\java\modules\ext\AbsoluteLayout.jar;C:\Users\Alumno\Downloads\ojdbc11.jar;C:\Users\Alumno\Documents\yuriko\para no desordenar\DSistema_Ventas\build\classes
Launcher Type: SUN_STANDARD

[Global flags]
     intx CICompilerCount                          = 12                                        {product} {ergonomic}
     uint ConcGCThreads                            = 4                                         {product} {ergonomic}
     uint G1ConcRefinementThreads                  = 15                                        {product} {ergonomic}
   size_t G1HeapRegionSize                         = 4194304                                   {product} {ergonomic}
    uintx GCDrainStackTargetSize                   = 64                                        {product} {ergonomic}
   size_t InitialHeapSize                          = 532676608                                 {product} {ergonomic}
   size_t MarkStackSize                            = 4194304                                   {product} {ergonomic}
   size_t MaxHeapSize                              = 8510242816                                {product} {ergonomic}
   size_t MaxNewSize                               = 5104467968                                {product} {ergonomic}
   size_t MinHeapDeltaBytes                        = 4194304                                   {product} {ergonomic}
   size_t MinHeapSize                              = 8388608                                   {product} {ergonomic}
    uintx NonNMethodCodeHeapSize                   = 7602480                                {pd product} {ergonomic}
    uintx NonProfiledCodeHeapSize                  = 122027880                              {pd product} {ergonomic}
    uintx ProfiledCodeHeapSize                     = 122027880                              {pd product} {ergonomic}
    uintx ReservedCodeCacheSize                    = 251658240                              {pd product} {ergonomic}
     bool SegmentedCodeCache                       = true                                      {product} {ergonomic}
   size_t SoftMaxHeapSize                          = 8510242816                             {manageable} {ergonomic}
     bool UseCompressedClassPointers               = true                           {product lp64_product} {ergonomic}
     bool UseCompressedOops                        = true                           {product lp64_product} {ergonomic}
     bool UseG1GC                                  = true                                      {product} {ergonomic}
     bool UseLargePagesIndividualAllocation        = false                                  {pd product} {ergonomic}

Logging:
Log output configuration:
 #0: stdout all=warning uptime,level,tags foldmultilines=false
 #1: stderr all=off uptime,level,tags foldmultilines=false

Environment Variables:
PATH=C:\app\Soporte\product\21c\dbhomeXE\bin;C:\Program Files\Microsoft\jdk-11.0.16.101-hotspot\bin;C:\Program Files\Common Files\Oracle\Java\javapath;C:\Windows\system32;C:\Windows;C:\Windows\System32\Wbem;C:\Windows\System32\WindowsPowerShell\v1.0\;C:\Windows\System32\OpenSSH\;C:\Program Files\dotnet\;C:\Program Files\Microsoft SQL Server\Client SDK\ODBC\170\Tools\Binn\;C:\Program Files (x86)\Microsoft SQL Server\150\Tools\Binn\;C:\Program Files\Microsoft SQL Server\150\Tools\Binn\;C:\Program Files\Microsoft SQL Server\150\DTS\Binn\;C:\Program Files (x86)\Microsoft SQL Server\150\DTS\Binn\;C:\Program Files\Azure Data Studio\bin;C:\Users\Alumno\AppData\Local\Programs\Python\Python312\Scripts\;C:\Users\Alumno\AppData\Local\Programs\Python\Python312\;C:\Users\Alumno\AppData\Local\Programs\Python\Python311\Scripts\;C:\Users\Alumno\AppData\Local\Programs\Python\Python311\;C:\Users\Alumno\AppData\Local\Microsoft\WindowsApps;C:\Users\Alumno\AppData\Local\Programs\Microsoft VS Code\bin;C:\Users\Alumno\AppData\Local\GitHubDesktop\bin;C:\1A\Git\cmd;C:\Users\Alumno\.dotnet\tools
USERNAME=Alumno
OS=Windows_NT
PROCESSOR_IDENTIFIER=Intel64 Family 6 Model 151 Stepping 2, GenuineIntel
TMP=C:\Users\Alumno\AppData\Local\Temp
TEMP=C:\Users\Alumno\AppData\Local\Temp




---------------  S Y S T E M  ---------------

OS:
 Windows 10 , 64 bit Build 19041 (10.0.19041.1889)
OS uptime: 2 days 1:55 hours

CPU: total 20 (initial active 20) (10 cores per cpu, 2 threads per core) family 6 model 151 stepping 2 microcode 0x1e, cx8, cmov, fxsr, ht, mmx, 3dnowpref, sse, sse2, sse3, ssse3, sse4.1, sse4.2, popcnt, lzcnt, tsc, tscinvbit, avx, avx2, aes, erms, clmul, bmi1, bmi2, adx, sha, fma, vzeroupper, clflush, clflushopt, clwb, serialize, rdtscp, rdpid, fsrm, f16c, pku, cet_ibt, cet_ss

Memory: 4k page, system-wide physical 32456M (5M free)
TotalPageFile size 130760M (AvailPageFile size 0M)
current process WorkingSet (physical memory assigned to process): 77M, peak: 79M
current process commit charge ("private bytes"): 633M, peak: 636M

vm_info: Java HotSpot(TM) 64-Bit Server VM (20+36-2344) for windows-amd64 JRE (20+36-2344), built on 2023-02-10T19:30:15Z by "mach5one" with MS VC++ 17.1 (VS2022)

END.
